Ôû▓ Next.js 16.2.2 (Turbopack)
- Environments: .env.local

node.exe : ÔÜá The 
"middleware" file 
convention is deprecated. 
Please use "proxy" 
instead. Learn more: https
://nextjs.org/docs/message
s/middleware-to-proxy
At line:1 char:1
+ & "C:\Program 
Files\nodejs/node.exe" "C:
\Users\Rishika\AppData\Roa
min ...
+ ~~~~~~~~~~~~~~~~~~~~~~~~
~~~~~~~~~~~~~~~~~~~~~~~~~~
~~~~~~~~~~~~~~~~~~~
    + CategoryInfo        
      : NotSpecified: (Ô  
  Üá The "middle...lewa   
 re-to-proxy:String) [    
], RemoteException
    + FullyQualifiedError 
   Id : NativeCommandErr  
  or
 
  Creating an optimized production build ...

> Build error occurred
Error: Turbopack build 
failed with 1 errors:
./src/app/api/analyze/rout
e.ts:4:1
Export default doesn't 
exist in target module
  [90m2 |[0m 
[36mimport[0m { 
generateText } 
[36mfrom[0m 
[32m'ai'[0m
  [90m3 |[0m 
[36mimport[0m { google 
} [36mfrom[0m 
[32m'@ai-sdk/google'[0m
[31m[1m>[0m [90m4 
|[0m [36mimport[0m 
pdfParse [36mfrom[0m 
[32m'pdf-parse'[0m
  [90m  |[0m [31m[1m^^
^^^^^^^^^^^^^^^^^^^^^^^^^^
^^^^[0m
  [90m5 |[0m
  [90m6 |[0m 
[36mexport[0m 
[36masync[0m 
[36mfunction[0m 
[33mPOST[0m(req: 
[33mRequest[0m) {
  [90m7 |[0m   
[36mtry[0m {

The export default was 
not found in module [proje
ct]/node_modules/pdf-parse
/dist/pdf-parse/esm/index.
js [app-route] 
(ecmascript).
Did you mean to import 
Rectangle?
All exports of the module 
are statically known (It 
doesn't have dynamic 
exports). So it's known 
statically that the 
requested export doesn't 
exist.


    at <unknown> (./src/ap
p/api/analyze/route.ts:4:1
)
